<?xml version="1.0" encoding="UTF-8"?>
<Site BuildName="Darwin-clang++"
	BuildStamp="20250110-1638-Experimental"
	Name="HS-SMITHOLI-L1.Franklin.k12.wi.us"
	Generator="ctest-3.25.3"
	CompilerName="/usr/bin/clang++"
	CompilerVersion=""
	OSName="macOS"
	Hostname="HS-SMITHOLI-L1.Franklin.k12.wi.us"
	OSRelease="14.5"
	OSVersion="23F79"
	OSPlatform="arm64"
	Is64Bits="1"
	VendorString="IBM"
	VendorID="IBM"
	FamilyID="16777228"
	ModelID="2"
	ProcessorCacheSize="131072"
	NumberOfLogicalCPU="8"
	NumberOfPhysicalCPU="8"
	TotalVirtualMemory="4096"
	TotalPhysicalMemory="8192"
	LogicalProcessorsPerPhysical="8"
	ProcessorClockFrequency="0"
	>
	<Testing>
		<StartDateTime>Jan 10 14:06 CST</StartDateTime>
		<StartTestTime>1736539597</StartTestTime>
		<TestList/>
		<EndDateTime>Jan 10 14:06 CST</EndDateTime>
		<EndTestTime>1736539597</EndTestTime>
		<ElapsedMinutes>0</ElapsedMinutes>
	</Testing>
</Site>
